<?xml version="1.0" encoding="UTF-8"?>
<!-- Generated by org.testng.reporters.JUnitXMLReporter -->
<testsuite hostname="qe-aneimat-n" ignored="2" name="IMORETEST" tests="1" failures="0" timestamp="22 Jan 2019 13:51:35 GMT" time="6.476" errors="0">
  <testcase name="logincode" time="6.453" classname="tests.logintestcase"/>
  <testcase name="@BeforeSuite Intilize" time="0.0" classname="tests.TestBasefororganization">
    <ignored/>
  </testcase> <!-- @BeforeSuite Intilize -->
  <testcase name="@AfterSuite teerDownTest" time="0.0" classname="tests.TestBasefororganization">
    <ignored/>
  </testcase> <!-- @AfterSuite teerDownTest -->
</testsuite> <!-- IMORETEST -->
